Sun Oct 18 15:12:24 2015
: tcp_listen: bind failed
Sun Oct 18 15:12:24 2015
: *****try root again
Sun Oct 18 15:15:04 2015
tcp_listen: bind failed
Sun Oct 18 15:15:04 2015
*****try root again
Sun Oct 18 15:28:24 2015
tcp_listen: bind failed
Sun Oct 18 15:28:24 2015
*****try root again
Sun Oct 18 15:32:56 2015
tcp_listen: bind failed
Sun Oct 18 15:32:56 2015
*****try root again
Sun Oct 18 15:37:00 2015
tcp_listen: bind failed
Sun Oct 18 15:37:00 2015
*****try root again
Sun Oct 18 15:39:49 2015
tcp_listen: bind failed
Sun Oct 18 15:39:49 2015
*****try root again
Sun Oct 18 15:43:55 2015
tcp_listen: bind failed
Sun Oct 18 15:43:55 2015
*****try root again
Sun Oct 18 16:12:19 2015
tcp_listen: bind failed
Sun Oct 18 16:12:19 2015
*****try root again
Sun Oct 18 16:12:44 2015
tcp_listen: bind failed
Sun Oct 18 16:12:44 2015
*****try root again
Sun Oct 18 20:47:37 2015
tcp_listen: bind failed
Sun Oct 18 20:47:37 2015
*****try root again
Sun Oct 18 20:50:21 2015
tcp_listen: bind failed
Sun Oct 18 21:54:24 2015
tcp_listen: bind failed
Sun Oct 18 22:21:36 2015
tcp_listen: bind failed
